# JRE version: OpenJDK Runtime Environment (17.0.6) (build 17.0.6+0-b2043.56-9586694)
# Java VM: OpenJDK 64-Bit Server VM (17.0.6+0-b2043.56-9586694, mixed mode, tiered, compressed oops, compressed class ptrs, g1 gc, windows-amd64)
GC Precious Log:
 CPUs: 4 total, 4 available
 Memory: 6376M
 Large Page Support: Disabled
 NUMA Support: Disabled
 Compressed Oops: Enabled (32-bit)
 Heap Region Size: 1M
 Heap Min Capacity: 8M
 Heap Initial Capacity: 100M
 Heap Max Capacity: 2G
 Pre-touch: Disabled
 Parallel Workers: 4
 Concurrent Workers: 1
 Concurrent Refinement Workers: 4
 Periodic GC: Disabled
Heap:
 garbage-first heap   total 475136K, used 289682K [0x0000000080000000, 0x0000000100000000)
  region size 1024K, 22 young (22528K), 5 survivors (5120K)
 Metaspace       used 128478K, committed 129472K, reserved 1163264K
  class space    used 16738K, committed 17216K, reserved 1048576K
GC Heap History (20 events):
Event: 64.626 GC heap before
{Heap before GC invocations=57 (full 0):
 garbage-first heap   total 331776K, used 272127K [0x0000000080000000, 0x0000000100000000)
  region size 1024K, 77 young (78848K), 2 survivors (2048K)
 Metaspace       used 109400K, committed 110272K, reserved 1146880K
  class space    used 14597K, committed 14976K, reserved 1048576K
}
Event: 64.647 GC heap after
{Heap after GC invocations=58 (full 0):
 garbage-first heap   total 331776K, used 201957K [0x0000000080000000, 0x0000000100000000)
  region size 1024K, 7 young (7168K), 7 survivors (7168K)
 Metaspace       used 109400K, committed 110272K, reserved 1146880K
  class space    used 14597K, committed 14976K, reserved 1048576K
}
Event: 357.279 GC heap before
{Heap before GC invocations=58 (full 0):
 garbage-first heap   total 331776K, used 274661K [0x0000000080000000, 0x0000000100000000)
  region size 1024K, 79 young (80896K), 7 survivors (7168K)
 Metaspace       used 112503K, committed 113472K, reserved 1155072K
  class space    used 15010K, committed 15488K, reserved 1048576K
}
Event: 357.525 GC heap after
{Heap after GC invocations=59 (full 0):
 garbage-first heap   total 331776K, used 209816K [0x0000000080000000, 0x0000000100000000)
  region size 1024K, 8 young (8192K), 8 survivors (8192K)
 Metaspace       used 112503K, committed 113472K, reserved 1155072K
  class space    used 15010K, committed 15488K, reserved 1048576K
}
Event: 363.343 GC heap before
{Heap before GC invocations=59 (full 0):
 garbage-first heap   total 331776K, used 275352K [0x0000000080000000, 0x0000000100000000)
  region size 1024K, 72 young (73728K), 8 survivors (8192K)
 Metaspace       used 114220K, committed 115200K, reserved 1155072K
  class space    used 15226K, committed 15680K, reserved 1048576K
}
Event: 363.428 GC heap after
{Heap after GC invocations=60 (full 0):
 garbage-first heap   total 331776K, used 218216K [0x0000000080000000, 0x0000000100000000)
  region size 1024K, 9 young (9216K), 9 survivors (9216K)
 Metaspace       used 114220K, committed 115200K, reserved 1155072K
  class space    used 15226K, committed 15680K, reserved 1048576K
}
Event: 387.694 GC heap before
{Heap before GC invocations=61 (full 0):
 garbage-first heap   total 391168K, used 271464K [0x0000000080000000, 0x0000000100000000)
  region size 1024K, 62 young (63488K), 9 survivors (9216K)
 Metaspace       used 116147K, committed 117056K, reserved 1155072K
  class space    used 15497K, committed 15936K, reserved 1048576K
}
Event: 387.875 GC heap after
{Heap after GC invocations=62 (full 0):
 garbage-first heap   total 391168K, used 225634K [0x0000000080000000, 0x0000000100000000)
  region size 1024K, 8 young (8192K), 8 survivors (8192K)
 Metaspace       used 116147K, committed 117056K, reserved 1155072K
  class space    used 15497K, committed 15936K, reserved 1048576K
}
Event: 389.708 GC heap before
{Heap before GC invocations=62 (full 0):
 garbage-first heap   total 391168K, used 235874K [0x0000000080000000, 0x0000000100000000)
  region size 1024K, 19 young (19456K), 8 survivors (8192K)
 Metaspace       used 116386K, committed 117312K, reserved 1155072K
  class space    used 15534K, committed 16000K, reserved 1048576K
}
Event: 389.773 GC heap after
{Heap after GC invocations=63 (full 0):
 garbage-first heap   total 391168K, used 226361K [0x0000000080000000, 0x0000000100000000)
  region size 1024K, 2 young (2048K), 2 survivors (2048K)
 Metaspace       used 116386K, committed 117312K, reserved 1155072K
  class space    used 15534K, committed 16000K, reserved 1048576K
}
Event: 406.196 GC heap before
{Heap before GC invocations=63 (full 0):
 garbage-first heap   total 391168K, used 335929K [0x0000000080000000, 0x0000000100000000)
  region size 1024K, 93 young (95232K), 2 survivors (2048K)
 Metaspace       used 119742K, committed 120768K, reserved 1155072K
  class space    used 15894K, committed 16384K, reserved 1048576K
}
Event: 406.293 GC heap after
{Heap after GC invocations=64 (full 0):
 garbage-first heap   total 391168K, used 253650K [0x0000000080000000, 0x0000000100000000)
  region size 1024K, 12 young (12288K), 12 survivors (12288K)
 Metaspace       used 119742K, committed 120768K, reserved 1155072K
  class space    used 15894K, committed 16384K, reserved 1048576K
}
Event: 413.361 GC heap before
{Heap before GC invocations=64 (full 0):
 garbage-first heap   total 391168K, used 298706K [0x0000000080000000, 0x0000000100000000)
  region size 1024K, 58 young (59392K), 12 survivors (12288K)
 Metaspace       used 122150K, committed 123136K, reserved 1163264K
  class space    used 16214K, committed 16704K, reserved 1048576K
}
Event: 413.424 GC heap after
{Heap after GC invocations=65 (full 0):
 garbage-first heap   total 391168K, used 263680K [0x0000000080000000, 0x0000000100000000)
  region size 1024K, 9 young (9216K), 9 survivors (9216K)
 Metaspace       used 122150K, committed 123136K, reserved 1163264K
  class space    used 16214K, committed 16704K, reserved 1048576K
}
Event: 417.944 GC heap before
{Heap before GC invocations=66 (full 0):
 garbage-first heap   total 475136K, used 334336K [0x0000000080000000, 0x0000000100000000)
  region size 1024K, 62 young (63488K), 9 survivors (9216K)
 Metaspace       used 125389K, committed 126464K, reserved 1163264K
  class space    used 16487K, committed 17024K, reserved 1048576K
}
Event: 418.007 GC heap after
{Heap after GC invocations=67 (full 0):
 garbage-first heap   total 475136K, used 272896K [0x0000000080000000, 0x0000000100000000)
  region size 1024K, 8 young (8192K), 8 survivors (8192K)
 Metaspace       used 125389K, committed 126464K, reserved 1163264K
  class space    used 16487K, committed 17024K, reserved 1048576K
}
Event: 418.673 GC heap before
{Heap before GC invocations=67 (full 0):
 garbage-first heap   total 475136K, used 288256K [0x0000000080000000, 0x0000000100000000)
  region size 1024K, 23 young (23552K), 8 survivors (8192K)
 Metaspace       used 125560K, committed 126592K, reserved 1163264K
  class space    used 16489K, committed 17024K, reserved 1048576K
}
Event: 418.697 GC heap after
{Heap after GC invocations=68 (full 0):
 garbage-first heap   total 475136K, used 272249K [0x0000000080000000, 0x0000000100000000)
  region size 1024K, 3 young (3072K), 3 survivors (3072K)
 Metaspace       used 125560K, committed 126592K, reserved 1163264K
  class space    used 16489K, committed 17024K, reserved 1048576K
}
Event: 424.599 GC heap before
{Heap before GC invocations=68 (full 0):
 garbage-first heap   total 475136K, used 380793K [0x0000000080000000, 0x0000000100000000)
  region size 1024K, 109 young (111616K), 3 survivors (3072K)
 Metaspace       used 128405K, committed 129408K, reserved 1163264K
  class space    used 16737K, committed 17216K, reserved 1048576K
}
Event: 424.634 GC heap after
{Heap after GC invocations=69 (full 0):
 garbage-first heap   total 475136K, used 274322K [0x0000000080000000, 0x0000000100000000)
  region size 1024K, 5 young (5120K), 5 survivors (5120K)
 Metaspace       used 128405K, committed 129408K, reserved 1163264K
  class space    used 16737K, committed 17216K, reserved 1048576K
}

