# JRE version: OpenJDK Runtime Environment (17.0.6) (build 17.0.6+0-b2043.56-9586694)
# Java VM: OpenJDK 64-Bit Server VM (17.0.6+0-b2043.56-9586694, mixed mode, tiered, compressed oops, compressed class ptrs, g1 gc, windows-amd64)
GC Precious Log:
 CPUs: 4 total, 4 available
 Memory: 6376M
 Large Page Support: Disabled
 NUMA Support: Disabled
 Compressed Oops: Enabled (32-bit)
 Heap Region Size: 1M
 Heap Min Capacity: 8M
 Heap Initial Capacity: 100M
 Heap Max Capacity: 2G
 Pre-touch: Disabled
 Parallel Workers: 4
 Concurrent Workers: 1
 Concurrent Refinement Workers: 4
 Periodic GC: Disabled
Heap:
 garbage-first heap   total 293888K, used 170680K [0x0000000080000000, 0x0000000100000000)
  region size 1024K, 41 young (41984K), 2 survivors (2048K)
 Metaspace       used 99662K, committed 100288K, reserved 1138688K
  class space    used 13425K, committed 13760K, reserved 1048576K
GC Heap History (20 events):
Event: 125.431 GC heap before
{Heap before GC invocations=75 (full 0):
 garbage-first heap   total 121856K, used 105591K [0x0000000080000000, 0x0000000100000000)
  region size 1024K, 6 young (6144K), 1 survivors (1024K)
 Metaspace       used 98876K, committed 99520K, reserved 1138688K
  class space    used 13358K, committed 13696K, reserved 1048576K
}
Event: 125.437 GC heap after
{Heap after GC invocations=76 (full 0):
 garbage-first heap   total 121856K, used 102248K [0x0000000080000000, 0x0000000100000000)
  region size 1024K, 1 young (1024K), 1 survivors (1024K)
 Metaspace       used 98876K, committed 99520K, reserved 1138688K
  class space    used 13358K, committed 13696K, reserved 1048576K
}
Event: 126.240 GC heap before
{Heap before GC invocations=76 (full 0):
 garbage-first heap   total 121856K, used 106344K [0x0000000080000000, 0x0000000100000000)
  region size 1024K, 5 young (5120K), 1 survivors (1024K)
 Metaspace       used 98890K, committed 99584K, reserved 1138688K
  class space    used 13358K, committed 13696K, reserved 1048576K
}
Event: 126.246 GC heap after
{Heap after GC invocations=77 (full 0):
 garbage-first heap   total 121856K, used 104391K [0x0000000080000000, 0x0000000100000000)
  region size 1024K, 1 young (1024K), 1 survivors (1024K)
 Metaspace       used 98890K, committed 99584K, reserved 1138688K
  class space    used 13358K, committed 13696K, reserved 1048576K
}
Event: 126.820 GC heap before
{Heap before GC invocations=77 (full 0):
 garbage-first heap   total 121856K, used 108487K [0x0000000080000000, 0x0000000100000000)
  region size 1024K, 5 young (5120K), 1 survivors (1024K)
 Metaspace       used 98901K, committed 99584K, reserved 1138688K
  class space    used 13358K, committed 13696K, reserved 1048576K
}
Event: 126.825 GC heap after
{Heap after GC invocations=78 (full 0):
 garbage-first heap   total 121856K, used 105972K [0x0000000080000000, 0x0000000100000000)
  region size 1024K, 1 young (1024K), 1 survivors (1024K)
 Metaspace       used 98901K, committed 99584K, reserved 1138688K
  class space    used 13358K, committed 13696K, reserved 1048576K
}
Event: 127.359 GC heap before
{Heap before GC invocations=78 (full 0):
 garbage-first heap   total 121856K, used 109044K [0x0000000080000000, 0x0000000100000000)
  region size 1024K, 5 young (5120K), 1 survivors (1024K)
 Metaspace       used 98938K, committed 99584K, reserved 1138688K
  class space    used 13358K, committed 13696K, reserved 1048576K
}
Event: 127.365 GC heap after
{Heap after GC invocations=79 (full 0):
 garbage-first heap   total 121856K, used 107451K [0x0000000080000000, 0x0000000100000000)
  region size 1024K, 1 young (1024K), 1 survivors (1024K)
 Metaspace       used 98938K, committed 99584K, reserved 1138688K
  class space    used 13358K, committed 13696K, reserved 1048576K
}
Event: 127.590 GC heap before
{Heap before GC invocations=79 (full 0):
 garbage-first heap   total 121856K, used 110523K [0x0000000080000000, 0x0000000100000000)
  region size 1024K, 5 young (5120K), 1 survivors (1024K)
 Metaspace       used 98950K, committed 99584K, reserved 1138688K
  class space    used 13358K, committed 13696K, reserved 1048576K
}
Event: 127.597 GC heap after
{Heap after GC invocations=80 (full 0):
 garbage-first heap   total 121856K, used 109308K [0x0000000080000000, 0x0000000100000000)
  region size 1024K, 1 young (1024K), 1 survivors (1024K)
 Metaspace       used 98950K, committed 99584K, reserved 1138688K
  class space    used 13358K, committed 13696K, reserved 1048576K
}
Event: 127.627 GC heap before
{Heap before GC invocations=80 (full 0):
 garbage-first heap   total 121856K, used 116476K [0x0000000080000000, 0x0000000100000000)
  region size 1024K, 2 young (2048K), 1 survivors (1024K)
 Metaspace       used 98950K, committed 99584K, reserved 1138688K
  class space    used 13358K, committed 13696K, reserved 1048576K
}
Event: 127.630 GC heap after
{Heap after GC invocations=81 (full 0):
 garbage-first heap   total 121856K, used 112654K [0x0000000080000000, 0x0000000100000000)
  region size 1024K, 1 young (1024K), 1 survivors (1024K)
 Metaspace       used 98950K, committed 99584K, reserved 1138688K
  class space    used 13358K, committed 13696K, reserved 1048576K
}
Event: 127.930 GC heap before
{Heap before GC invocations=81 (full 0):
 garbage-first heap   total 121856K, used 117774K [0x0000000080000000, 0x0000000100000000)
  region size 1024K, 5 young (5120K), 1 survivors (1024K)
 Metaspace       used 98951K, committed 99584K, reserved 1138688K
  class space    used 13358K, committed 13696K, reserved 1048576K
}
Event: 127.941 GC heap after
{Heap after GC invocations=82 (full 0):
 garbage-first heap   total 123904K, used 116396K [0x0000000080000000, 0x0000000100000000)
  region size 1024K, 1 young (1024K), 1 survivors (1024K)
 Metaspace       used 98951K, committed 99584K, reserved 1138688K
  class space    used 13358K, committed 13696K, reserved 1048576K
}
Event: 128.193 GC heap before
{Heap before GC invocations=82 (full 0):
 garbage-first heap   total 123904K, used 118444K [0x0000000080000000, 0x0000000100000000)
  region size 1024K, 4 young (4096K), 1 survivors (1024K)
 Metaspace       used 98954K, committed 99584K, reserved 1138688K
  class space    used 13358K, committed 13696K, reserved 1048576K
}
Event: 128.204 GC heap after
{Heap after GC invocations=83 (full 0):
 garbage-first heap   total 123904K, used 118001K [0x0000000080000000, 0x0000000100000000)
  region size 1024K, 1 young (1024K), 1 survivors (1024K)
 Metaspace       used 98954K, committed 99584K, reserved 1138688K
  class space    used 13358K, committed 13696K, reserved 1048576K
}
Event: 128.755 GC heap before
{Heap before GC invocations=84 (full 0):
 garbage-first heap   total 199680K, used 123121K [0x0000000080000000, 0x0000000100000000)
  region size 1024K, 6 young (6144K), 1 survivors (1024K)
 Metaspace       used 98954K, committed 99584K, reserved 1138688K
  class space    used 13358K, committed 13696K, reserved 1048576K
}
Event: 128.764 GC heap after
{Heap after GC invocations=85 (full 0):
 garbage-first heap   total 199680K, used 120415K [0x0000000080000000, 0x0000000100000000)
  region size 1024K, 1 young (1024K), 1 survivors (1024K)
 Metaspace       used 98954K, committed 99584K, reserved 1138688K
  class space    used 13358K, committed 13696K, reserved 1048576K
}
Event: 129.322 GC heap before
{Heap before GC invocations=85 (full 0):
 garbage-first heap   total 199680K, used 127583K [0x0000000080000000, 0x0000000100000000)
  region size 1024K, 9 young (9216K), 1 survivors (1024K)
 Metaspace       used 98958K, committed 99648K, reserved 1138688K
  class space    used 13358K, committed 13696K, reserved 1048576K
}
Event: 129.345 GC heap after
{Heap after GC invocations=86 (full 0):
 garbage-first heap   total 293888K, used 123576K [0x0000000080000000, 0x0000000100000000)
  region size 1024K, 2 young (2048K), 2 survivors (2048K)
 Metaspace       used 98958K, committed 99648K, reserved 1138688K
  class space    used 13358K, committed 13696K, reserved 1048576K
}

